#
# There is insufficient memory for the Java Runtime Environment to continue.
# Native memory allocation (mmap) failed to map 197132288 bytes for Failed to commit area from 0x0000000744000000 to 0x000000074fc00000 of length 197132288.
# Possible reasons:
#   The system is out of physical RAM or swap space
#   The process is running with CompressedOops enabled, and the Java Heap may be blocking the growth of the native heap
# Possible solutions:
#   Reduce memory load on the system
#   Increase physical memory or swap space
#   Check if swap backing store is full
#   Decrease Java heap size (-Xmx/-Xms)
#   Decrease number of Java threads
#   Decrease Java thread stack sizes (-Xss)
#   Set larger code cache with -XX:ReservedCodeCacheSize=
# This output file may be truncated or incomplete.
#
#  Out of Memory Error (./src/hotspot/os/windows/os_windows.cpp:3390), pid=51848, tid=29056
#
# JRE version:  (11.0.15+10) (build )
# Java VM: OpenJDK 64-Bit Server VM (11.0.15+10, mixed mode, sharing, tiered, compressed oops, g1 gc, windows-amd64)
# No core dump will be written. Minidumps are not enabled by default on client versions of Windows
#

---------------  S U M M A R Y ------------

Command Line: org.jetbrains.kotlin.cli.jvm.K2JVMCompiler @D:\ReactNative\ReduxApp\node_modules\react-native-gradle-plugin\build\20220928_11868193206825398995.compiler.options

Host: Intel(R) Core(TM) i3-1005G1 CPU @ 1.20GHz, 4 cores, 11G,  Windows 11 , 64 bit Build 22000 (10.0.22000.708)
Time: Wed Sep 28 17:22:08 2022 India Standard Time elapsed time: 0.012418 seconds (0d 0h 0m 0s)

---------------  T H R E A D  ---------------

Current thread (0x000001e2d7a3d000):  JavaThread "Unknown thread" [_thread_in_vm, id=29056, stack(0x0000003f97b00000,0x0000003f97c00000)]

Stack: [0x0000003f97b00000,0x0000003f97c00000]
Native frames: (J=compiled Java code, j=interpreted, Vv=VM code, C=native code)
V  [jvm.dll+0x64dd3a]
V  [jvm.dll+0x7906c9]
V  [jvm.dll+0x791d9c]
V  [jvm.dll+0x792463]
V  [jvm.dll+0x265048]
V  [jvm.dll+0x64ac9a]
V  [jvm.dll+0x63f205]
V  [jvm.dll+0x32090c]
V  [jvm.dll+0x320792]
V  [jvm.dll+0x326076]
V  [jvm.dll+0x374b2f]
V  [jvm.dll+0x374550]
V  [jvm.dll+0x2fbec8]
V  [jvm.dll+0x2fd036]
V  [jvm.dll+0x769e77]
V  [jvm.dll+0x76b63f]
V  [jvm.dll+0x3819c9]
V  [jvm.dll+0x74c60e]
V  [jvm.dll+0x3f489d]
V  [jvm.dll+0x3f6ab1]
C  [jli.dll+0x51c7]
C  [ucrtbase.dll+0x26c0c]
C  [KERNEL32.DLL+0x154e0]
C  [ntdll.dll+0x485b]


---------------  P R O C E S S  ---------------

Threads class SMR info:
_java_thread_list=0x000001e2d59a4c00, length=0, elements={
}

Java Threads: ( => current thread )

Other Threads:
  0x000001e2d7a55800 GCTaskThread "GC Thread#0" [stack: 0x0000003f97c00000,0x0000003f97d00000] [id=57120]
  0x000001e2d7a9c000 ConcurrentGCThread "G1 Main Marker" [stack: 0x0000003f97d00000,0x0000003f97e00000] [id=44612]
  0x000001e2d7a9e000 ConcurrentGCThread "G1 Conc#0" [stack: 0x0000003f97e00000,0x0000003f97f00000] [id=60672]

[error occurred during error reporting (printing all threads), id 0xc0000005, EXCEPTION_ACCESS_VIOLATION (0xc0000005) at pc=0x00007ff998a9b8e7]

VM state:not at safepoint (not fully initialized)

VM Mutex/Monitor currently owned by a thread:  ([mutex/lock_event])
[0x000001e2d7a3abc0] Heap_lock - owner thread: 0x000001e2d7a3d000

Heap address: 0x0000000744000000, size: 3008 MB, Compressed Oops mode: Non-zero based: 0x0000000744000000
Narrow klass base: 0x0000000000000000, Narrow klass shift: 0

GC Heap History (0 events):
No events

Deoptimization events (0 events):
No events

Classes redefined (0 events):
No events

Internal exceptions (0 events):
No events

Events (1 events):
Event: 0.007 Loaded shared library C:\Program Files\OpenJDK\openjdk-11.0.15_10\bin\zip.dll


Dynamic libraries:
0x00007ff6211e0000 - 0x00007ff6211ed000 	C:\Program Files\OpenJDK\openjdk-11.0.15_10\bin\java.exe
0x00007ffa002e0000 - 0x00007ffa004e9000 	C:\WINDOWS\SYSTEM32\ntdll.dll
0x00007ff9fed70000 - 0x00007ff9fee2d000 	C:\WINDOWS\System32\KERNEL32.DLL
0x00007ff9fdca0000 - 0x00007ff9fe01d000 	C:\WINDOWS\System32\KERNELBASE.dll
0x00007ff9fdac0000 - 0x00007ff9fdbd1000 	C:\WINDOWS\System32\ucrtbase.dll
0x00007ff9ecec0000 - 0x00007ff9eced6000 	C:\Program Files\OpenJDK\openjdk-11.0.15_10\bin\VCRUNTIME140.dll
0x00007ff9ecee0000 - 0x00007ff9ecef8000 	C:\Program Files\OpenJDK\openjdk-11.0.15_10\bin\jli.dll
0x00007ff9e9610000 - 0x00007ff9e98b5000 	C:\WINDOWS\WinSxS\amd64_microsoft.windows.common-controls_6595b64144ccf1df_6.0.22000.120_none_9d947278b86cc467\COMCTL32.dll
0x00007ff9ffc70000 - 0x00007ff9ffd13000 	C:\WINDOWS\System32\msvcrt.dll
0x00007ff9ff070000 - 0x00007ff9ff21d000 	C:\WINDOWS\System32\USER32.dll
0x00007ff9fed40000 - 0x00007ff9fed69000 	C:\WINDOWS\System32\GDI32.dll
0x00007ff9fe020000 - 0x00007ff9fe046000 	C:\WINDOWS\System32\win32u.dll
0x00007ff9fe050000 - 0x00007ff9fe168000 	C:\WINDOWS\System32\gdi32full.dll
0x00007ff9fd840000 - 0x00007ff9fd8dd000 	C:\WINDOWS\System32\msvcp_win.dll
0x00007ff9ff220000 - 0x00007ff9ff251000 	C:\WINDOWS\System32\IMM32.DLL
0x00007ff9cff80000 - 0x00007ff9d002a000 	C:\Program Files\OpenJDK\openjdk-11.0.15_10\bin\msvcp140.dll
0x00007ff998790000 - 0x00007ff9992e1000 	C:\Program Files\OpenJDK\openjdk-11.0.15_10\bin\server\jvm.dll
0x00007ff9fe230000 - 0x00007ff9fe2de000 	C:\WINDOWS\System32\ADVAPI32.dll
0x00007ff9ff850000 - 0x00007ff9ff8ee000 	C:\WINDOWS\System32\sechost.dll
0x00007ffa00120000 - 0x00007ffa00240000 	C:\WINDOWS\System32\RPCRT4.dll
0x00007ff9ffd20000 - 0x00007ff9ffd28000 	C:\WINDOWS\System32\PSAPI.DLL
0x00007ff9f9aa0000 - 0x00007ff9f9aa9000 	C:\WINDOWS\SYSTEM32\WSOCK32.dll
0x00007ff9f8500000 - 0x00007ff9f8533000 	C:\WINDOWS\SYSTEM32\WINMM.dll
0x00007ff9ffd30000 - 0x00007ff9ffd9f000 	C:\WINDOWS\System32\WS2_32.dll
0x00007ff9efda0000 - 0x00007ff9efdaa000 	C:\WINDOWS\SYSTEM32\VERSION.dll
0x00007ff9fc8c0000 - 0x00007ff9fc8d8000 	C:\WINDOWS\SYSTEM32\kernel.appcore.dll
0x00007ff9ecd40000 - 0x00007ff9ecd51000 	C:\Program Files\OpenJDK\openjdk-11.0.15_10\bin\verify.dll
0x00007ff9fb4a0000 - 0x00007ff9fb6c1000 	C:\WINDOWS\SYSTEM32\DBGHELP.DLL
0x00007ff9e92d0000 - 0x00007ff9e9301000 	C:\WINDOWS\SYSTEM32\dbgcore.DLL
0x00007ff9fd7c0000 - 0x00007ff9fd83f000 	C:\WINDOWS\System32\bcryptPrimitives.dll
0x00007ff9e8680000 - 0x00007ff9e86a9000 	C:\Program Files\OpenJDK\openjdk-11.0.15_10\bin\java.dll
0x00007ff9f9a10000 - 0x00007ff9f9a1a000 	C:\Program Files\OpenJDK\openjdk-11.0.15_10\bin\jimage.dll
0x00007ff9e40a0000 - 0x00007ff9e40b8000 	C:\Program Files\OpenJDK\openjdk-11.0.15_10\bin\zip.dll

dbghelp: loaded successfully - version: 4.0.5 - missing functions: none
symbol engine: initialized successfully - sym options: 0x614 - pdb path: .;C:\Program Files\OpenJDK\openjdk-11.0.15_10\bin;C:\WINDOWS\SYSTEM32;C:\WINDOWS\WinSxS\amd64_microsoft.windows.common-controls_6595b64144ccf1df_6.0.22000.120_none_9d947278b86cc467;C:\Program Files\OpenJDK\openjdk-11.0.15_10\bin\server

VM Arguments:
java_command: org.jetbrains.kotlin.cli.jvm.K2JVMCompiler @D:\ReactNative\ReduxApp\node_modules\react-native-gradle-plugin\build\20220928_11868193206825398995.compiler.options
java_class_path (initial): C:\Users\antino\.gradle\caches\modules-2\files-2.1\org.jetbrains.kotlin\kotlin-compiler-embeddable\1.6.10\88f2073f4020cdb83132cfe940ceb9a60aba54ea\kotlin-compiler-embeddable-1.6.10.jar;C:\Users\antino\.gradle\caches\modules-2\files-2.1\org.jetbrains.kotlin\kotlin-reflect\1.6.10\1cbe9c92c12a94eea200d23c2bbaedaf3daf5132\kotlin-reflect-1.6.10.jar;C:\Users\antino\.gradle\caches\modules-2\files-2.1\org.jetbrains.kotlin\kotlin-stdlib\1.6.10\b8af3fe6f1ca88526914929add63cf5e7c5049af\kotlin-stdlib-1.6.10.jar;C:\Users\antino\.gradle\caches\modules-2\files-2.1\org.jetbrains.kotlin\kotlin-script-runtime\1.6.10\d0a7ff2e2500ef497ed0214ae40ad3c8387a6164\kotlin-script-runtime-1.6.10.jar;C:\Users\antino\.gradle\caches\modules-2\files-2.1\org.jetbrains.kotlin\kotlin-daemon-embeddable\1.6.10\a56d79bcbea411fa6058e4ecffc2de73e742bd2a\kotlin-daemon-embeddable-1.6.10.jar;C:\Users\antino\.gradle\caches\modules-2\files-2.1\org.jetbrains.intellij.deps\trove4j\1.0.20181211\216c2e14b070f334479d800987affe4054cd563f\trove4j-1.0.20181211.jar;C:\Users\antino\.gradle\caches\modules-2\files-2.1\net.java.dev.jna\jna\5.6.0\330f2244e9030119ab3030fc3fededc86713d9cc\jna-5.6.0.jar;C:\Users\antino\.gradle\caches\modules-2\files-2.1\org.jetbrains\annotations\13.0\919f0dfe192fb4e063e7dacadee7f8bb9a2672a9\annotations-13.0.jar;C:\Users\antino\.gradle\caches\modules-2\files-2.1\org.jetbrains.kotlin\kotlin-stdlib-common\1.6.10\c118700e3a33c8a0d9adc920e9dec0831171925\kotlin-stdlib-common-1.6.10.jar
Launcher Type: SUN_STANDARD

[Global flags]
     intx CICompilerCount                          = 3                                         {product} {ergonomic}
     uint ConcGCThreads                            = 1                                         {product} {ergonomic}
     uint G1ConcRefinementThreads                  = 4                                         {product} {ergonomic}
   size_t G1HeapRegionSize                         = 1048576                                   {product} {ergonomic}
    uintx GCDrainStackTargetSize                   = 64                                        {product} {ergonomic}
   size_t InitialHeapSize                          = 197132288                                 {product} {ergonomic}
   size_t MarkStackSize                            = 4194304                                   {product} {ergonomic}
   size_t MaxHeapSize                              = 3154116608                                {product} {ergonomic}
   size_t MinHeapDeltaBytes                        = 1048576                                   {product} {ergonomic}
    uintx NonNMethodCodeHeapSize                   = 5830732                                {pd product} {ergonomic}
    uintx NonProfiledCodeHeapSize                  = 122913754                              {pd product} {ergonomic}
    uintx ProfiledCodeHeapSize                     = 122913754                              {pd product} {ergonomic}
    uintx ReservedCodeCacheSize                    = 251658240                              {pd product} {ergonomic}
     bool SegmentedCodeCache                       = true                                      {product} {ergonomic}
     bool UseCompressedClassPointers               = true                                 {lp64_product} {ergonomic}
     bool UseCompressedOops                        = true                                 {lp64_product} {ergonomic}
     bool UseG1GC                                  = true                                      {product} {ergonomic}
     bool UseLargePagesIndividualAllocation        = false                                  {pd product} {ergonomic}

Logging:
Log output configuration:
 #0: stdout all=warning uptime,level,tags
 #1: stderr all=off uptime,level,tags

Environment Variables:
JAVA_HOME=C:\Program Files\OpenJDK\openjdk-11.0.15_10
CLASSPATH=D:\ReactNative\ReduxApp\android\\gradle\wrapper\gradle-wrapper.jar
PATH=D:\ReactNative\reduxApp\android\node_modules\.bin;D:\ReactNative\reduxApp\node_modules\.bin;D:\ReactNative\node_modules\.bin;D:\node_modules\.bin;C:\Program Files\nodejs;C:\WINDOWS\system32;C:\WINDOWS;C:\WINDOWS\System32\Wbem;C:\WINDOWS\System32\WindowsPowerShell\v1.0\;C:\WINDOWS\System32\OpenSSH\;C:\ProgramData\chocolatey\bin;C:\Program Files\OpenJDK\openjdk-8u292-b10\bin;C:\Program Files\Git\cmd;C:\Users\antino\AppData\Roaming\nvm;C:\Program Files\nodejs;C:\Program Files\OpenSSL-Win64\bin;C:\Program Files\nodejs\;C:\Program Files\OpenJDK\openjdk-11.0.15_10\bin;C:\Users\antino\AppData\Local\Microsoft\WindowsApps;C:\Users\antino\AppData\Local\Programs\Microsoft VS Code\bin;C:\Users\antino\AppData\Roaming\nvm;C:\Program Files\nodejs;C:\Users\antino\AppData\Roaming\npm
USERNAME=antino
LANG=en_US.UTF-8
OS=Windows_NT
PROCESSOR_IDENTIFIER=Intel64 Family 6 Model 126 Stepping 5, GenuineIntel



---------------  S Y S T E M  ---------------

OS: Windows 11 , 64 bit Build 22000 (10.0.22000.708)
OS uptime: 8 days 6:01 hours

CPU:total 4 (initial active 4) (2 cores per cpu, 2 threads per core) family 6 model 126 stepping 5 microcode 0xa8, cmov, cx8, fxsr, mmx, sse, sse2, sse3, ssse3, sse4.1, sse4.2, popcnt, avx, avx2, aes, clmul, erms, 3dnowpref, lzcnt, ht, tsc, tscinvbit, bmi1, bmi2, adx, evex, sha, fma

Memory: 4k page, system-wide physical 12030M (307M free)
TotalPageFile size 29564M (AvailPageFile size 143M)
current process WorkingSet (physical memory assigned to process): 10M, peak: 10M
current process commit charge ("private bytes"): 52M, peak: 239M

vm_info: OpenJDK 64-Bit Server VM (11.0.15+10) for windows-amd64 JRE (11.0.15+10), built on Apr 21 2022 21:29:46 by "tester" with MS VC++ 15.5 (VS2017)

END.
