#
# There is insufficient memory for the Java Runtime Environment to continue.
# Native memory allocation (malloc) failed to allocate 2157136 bytes for Chunk::new
# Possible reasons:
#   The system is out of physical RAM or swap space
#   The process is running with CompressedOops enabled, and the Java Heap may be blocking the growth of the native heap
# Possible solutions:
#   Reduce memory load on the system
#   Increase physical memory or swap space
#   Check if swap backing store is full
#   Decrease Java heap size (-Xmx/-Xms)
#   Decrease number of Java threads
#   Decrease Java thread stack sizes (-Xss)
#   Set larger code cache with -XX:ReservedCodeCacheSize=
#   JVM is running with Zero Based Compressed Oops mode in which the Java heap is
#     placed in the first 32GB address space. The Java Heap base address is the
#     maximum limit for the native heap growth. Please use -XX:HeapBaseMinAddress
#     to set the Java Heap base and to place the Java Heap above 32GB virtual address.
# This output file may be truncated or incomplete.
#
#  Out of Memory Error (./src/hotspot/share/memory/arena.cpp:197), pid=36056, tid=43428
#
# JRE version: OpenJDK Runtime Environment 18.9 (11.0.15+10) (build 11.0.15+10)
# Java VM: OpenJDK 64-Bit Server VM 18.9 (11.0.15+10, mixed mode, tiered, compressed oops, g1 gc, windows-amd64)
# No core dump will be written. Minidumps are not enabled by default on client versions of Windows
#

---------------  S U M M A R Y ------------

Command Line: org.jetbrains.kotlin.cli.jvm.K2JVMCompiler @D:\ReactNative\ReduxApp\node_modules\react-native-gradle-plugin\build\20220928_15706571348591173034.compiler.options

Host: Intel(R) Core(TM) i3-1005G1 CPU @ 1.20GHz, 4 cores, 11G,  Windows 11 , 64 bit Build 22000 (10.0.22000.708)
Time: Wed Sep 28 17:23:08 2022 India Standard Time elapsed time: 2.404012 seconds (0d 0h 0m 2s)

---------------  T H R E A D  ---------------

Current thread (0x000001a72e57e000):  JavaThread "C2 CompilerThread0" daemon [_thread_in_native, id=43428, stack(0x0000001b81a00000,0x0000001b81b00000)]


Current CompileTask:
C2:   2404 2031   !   4       jdk.internal.loader.BuiltinClassLoader::loadClassOrNull (143 bytes)

Stack: [0x0000001b81a00000,0x0000001b81b00000]
Native frames: (J=compiled Java code, j=interpreted, Vv=VM code, C=native code)
V  [jvm.dll+0x64dd3a]
V  [jvm.dll+0x7906c9]
V  [jvm.dll+0x791d9c]
V  [jvm.dll+0x792463]
V  [jvm.dll+0x265048]
V  [jvm.dll+0xc9da1]
V  [jvm.dll+0xca35c]
V  [jvm.dll+0x37c167]
V  [jvm.dll+0x1b3381]
V  [jvm.dll+0x21e192]
V  [jvm.dll+0x21d25a]
V  [jvm.dll+0x19dd21]
V  [jvm.dll+0x22cc80]
V  [jvm.dll+0x22af81]
V  [jvm.dll+0x75254c]
V  [jvm.dll+0x74b12d]
V  [jvm.dll+0x64c8a6]
C  [ucrtbase.dll+0x26c0c]
C  [KERNEL32.DLL+0x154e0]
C  [ntdll.dll+0x485b]


---------------  P R O C E S S  ---------------

Threads class SMR info:
_java_thread_list=0x000001a72f220650, length=10, elements={
0x000001a70d10d800, 0x000001a72dd2c000, 0x000001a72e568800, 0x000001a72e5c8800,
0x000001a72e5ca000, 0x000001a72e5cc000, 0x000001a72e57e000, 0x000001a72e5d5000,
0x000001a72dd3c000, 0x000001a72e73b800
}

Java Threads: ( => current thread )
  0x000001a70d10d800 JavaThread "main" [_thread_in_Java, id=59564, stack(0x0000001b80d00000,0x0000001b80e00000)]
  0x000001a72dd2c000 JavaThread "Reference Handler" daemon [_thread_blocked, id=62816, stack(0x0000001b81400000,0x0000001b81500000)]
  0x000001a72e568800 JavaThread "Finalizer" daemon [_thread_blocked, id=60932, stack(0x0000001b81500000,0x0000001b81600000)]
  0x000001a72e5c8800 JavaThread "Signal Dispatcher" daemon [_thread_blocked, id=49944, stack(0x0000001b81700000,0x0000001b81800000)]
  0x000001a72e5ca000 JavaThread "Attach Listener" daemon [_thread_blocked, id=54176, stack(0x0000001b81800000,0x0000001b81900000)]
  0x000001a72e5cc000 JavaThread "Service Thread" daemon [_thread_blocked, id=55596, stack(0x0000001b81900000,0x0000001b81a00000)]
=>0x000001a72e57e000 JavaThread "C2 CompilerThread0" daemon [_thread_in_native, id=43428, stack(0x0000001b81a00000,0x0000001b81b00000)]
  0x000001a72e5d5000 JavaThread "C1 CompilerThread0" daemon [_thread_blocked, id=60936, stack(0x0000001b81b00000,0x0000001b81c00000)]
  0x000001a72dd3c000 JavaThread "Sweeper thread" daemon [_thread_blocked, id=48580, stack(0x0000001b81c00000,0x0000001b81d00000)]
  0x000001a72e73b800 JavaThread "Common-Cleaner" daemon [_thread_blocked, id=61684, stack(0x0000001b81e00000,0x0000001b81f00000)]

Other Threads:
  0x000001a72dd29000 VMThread "VM Thread" [stack: 0x0000001b81300000,0x0000001b81400000] [id=60692]
  0x000001a72e732800 WatcherThread [stack: 0x0000001b81d00000,0x0000001b81e00000] [id=44656]
  0x000001a70d126000 GCTaskThread "GC Thread#0" [stack: 0x0000001b80e00000,0x0000001b80f00000] [id=60248]
  0x000001a72ec60000 GCTaskThread "GC Thread#1" [stack: 0x0000001b82000000,0x0000001b82100000] [id=48180]
  0x000001a72ec60800 GCTaskThread "GC Thread#2" [stack: 0x0000001b82100000,0x0000001b82200000] [id=49816]
  0x000001a72ed6c800 GCTaskThread "GC Thread#3" [stack: 0x0000001b82200000,0x0000001b82300000] [id=5964]
  0x000001a70d16b800 ConcurrentGCThread "G1 Main Marker" [stack: 0x0000001b80f00000,0x0000001b81000000] [id=58460]
  0x000001a70d16e000 ConcurrentGCThread "G1 Conc#0" [stack: 0x0000001b81000000,0x0000001b81100000] [id=53688]
  0x000001a72db93800 ConcurrentGCThread "G1 Refine#0" [stack: 0x0000001b81100000,0x0000001b81200000] [id=51576]
  0x000001a72db96000 ConcurrentGCThread "G1 Young RemSet Sampling" [stack: 0x0000001b81200000,0x0000001b81300000] [id=35044]

Threads with active compile tasks:
C2 CompilerThread0     2415 2031   !   4       jdk.internal.loader.BuiltinClassLoader::loadClassOrNull (143 bytes)

VM state:not at safepoint (normal execution)

VM Mutex/Monitor currently owned by a thread: None

Heap address: 0x0000000744000000, size: 3008 MB, Compressed Oops mode: Zero based, Oop shift amount: 3
Narrow klass base: 0x0000000800000000, Narrow klass shift: 0
Compressed class space size: 1073741824 Address: 0x0000000800000000

Heap:
 garbage-first heap   total 192512K, used 42898K [0x0000000744000000, 0x0000000800000000)
  region size 1024K, 33 young (33792K), 6 survivors (6144K)
 Metaspace       used 28268K, capacity 28770K, committed 28928K, reserved 1075200K
  class space    used 3057K, capacity 3248K, committed 3328K, reserved 1048576K
Heap Regions: E=young(eden), S=young(survivor), O=old, HS=humongous(starts), HC=humongous(continues), CS=collection set, F=free, A=archive, TAMS=top-at-mark-start (previous, next)
|   0|0x0000000744000000, 0x0000000744100000, 0x0000000744100000|100%|HS|  |TAMS 0x0000000744100000, 0x0000000744000000| Complete 
|   1|0x0000000744100000, 0x0000000744200000, 0x0000000744200000|100%|HC|  |TAMS 0x0000000744200000, 0x0000000744100000| Complete 
|   2|0x0000000744200000, 0x0000000744300000, 0x0000000744300000|100%|HC|  |TAMS 0x0000000744300000, 0x0000000744200000| Complete 
|   3|0x0000000744300000, 0x0000000744300000, 0x0000000744400000|  0%| F|  |TAMS 0x0000000744300000, 0x0000000744300000| Untracked 
|   4|0x0000000744400000, 0x0000000744427600, 0x0000000744500000| 15%| O|  |TAMS 0x0000000744427600, 0x0000000744400000| Untracked 
|   5|0x0000000744500000, 0x0000000744600000, 0x0000000744600000|100%|HS|  |TAMS 0x0000000744500000, 0x0000000744500000| Complete 
|   6|0x0000000744600000, 0x0000000744700000, 0x0000000744700000|100%|HC|  |TAMS 0x0000000744600000, 0x0000000744600000| Complete 
|   7|0x0000000744700000, 0x0000000744800000, 0x0000000744800000|100%|HC|  |TAMS 0x0000000744700000, 0x0000000744700000| Complete 
|   8|0x0000000744800000, 0x0000000744900000, 0x0000000744900000|100%|HS|  |TAMS 0x0000000744800000, 0x0000000744800000| Complete 
|   9|0x0000000744900000, 0x0000000744a00000, 0x0000000744a00000|100%|HC|  |TAMS 0x0000000744900000, 0x0000000744900000| Complete 
|  10|0x0000000744a00000, 0x0000000744b00000, 0x0000000744b00000|100%|HC|  |TAMS 0x0000000744a00000, 0x0000000744a00000| Complete 
|  11|0x0000000744b00000, 0x0000000744c00000, 0x0000000744c00000|100%|HC|  |TAMS 0x0000000744b00000, 0x0000000744b00000| Complete 
|  12|0x0000000744c00000, 0x0000000744d00000, 0x0000000744d00000|100%|HC|  |TAMS 0x0000000744c00000, 0x0000000744c00000| Complete 
|  13|0x0000000744d00000, 0x0000000744d00000, 0x0000000744e00000|  0%| F|  |TAMS 0x0000000744d00000, 0x0000000744d00000| Untracked 
|  14|0x0000000744e00000, 0x0000000744e00000, 0x0000000744f00000|  0%| F|  |TAMS 0x0000000744e00000, 0x0000000744e00000| Untracked 
|  15|0x0000000744f00000, 0x0000000744f00000, 0x0000000745000000|  0%| F|  |TAMS 0x0000000744f00000, 0x0000000744f00000| Untracked 
|  16|0x0000000745000000, 0x0000000745000000, 0x0000000745100000|  0%| F|  |TAMS 0x0000000745000000, 0x0000000745000000| Untracked 
|  17|0x0000000745100000, 0x0000000745100000, 0x0000000745200000|  0%| F|  |TAMS 0x0000000745100000, 0x0000000745100000| Untracked 
|  18|0x0000000745200000, 0x0000000745200000, 0x0000000745300000|  0%| F|  |TAMS 0x0000000745200000, 0x0000000745200000| Untracked 
|  19|0x0000000745300000, 0x0000000745300000, 0x0000000745400000|  0%| F|  |TAMS 0x0000000745300000, 0x0000000745300000| Untracked 
|  20|0x0000000745400000, 0x0000000745400000, 0x0000000745500000|  0%| F|  |TAMS 0x0000000745400000, 0x0000000745400000| Untracked 
|  21|0x0000000745500000, 0x0000000745500000, 0x0000000745600000|  0%| F|  |TAMS 0x0000000745500000, 0x0000000745500000| Untracked 
|  22|0x0000000745600000, 0x0000000745600000, 0x0000000745700000|  0%| F|  |TAMS 0x0000000745600000, 0x0000000745600000| Untracked 
|  23|0x0000000745700000, 0x0000000745700000, 0x0000000745800000|  0%| F|  |TAMS 0x0000000745700000, 0x0000000745700000| Untracked 
|  24|0x0000000745800000, 0x0000000745800000, 0x0000000745900000|  0%| F|  |TAMS 0x0000000745800000, 0x0000000745800000| Untracked 
|  25|0x0000000745900000, 0x0000000745900000, 0x0000000745a00000|  0%| F|  |TAMS 0x0000000745900000, 0x0000000745900000| Untracked 
|  26|0x0000000745a00000, 0x0000000745a00000, 0x0000000745b00000|  0%| F|  |TAMS 0x0000000745a00000, 0x0000000745a00000| Untracked 
|  27|0x0000000745b00000, 0x0000000745b00000, 0x0000000745c00000|  0%| F|  |TAMS 0x0000000745b00000, 0x0000000745b00000| Untracked 
|  28|0x0000000745c00000, 0x0000000745c00000, 0x0000000745d00000|  0%| F|  |TAMS 0x0000000745c00000, 0x0000000745c00000| Untracked 
|  29|0x0000000745d00000, 0x0000000745d00000, 0x0000000745e00000|  0%| F|  |TAMS 0x0000000745d00000, 0x0000000745d00000| Untracked 
|  30|0x0000000745e00000, 0x0000000745e00000, 0x0000000745f00000|  0%| F|  |TAMS 0x0000000745e00000, 0x0000000745e00000| Untracked 
|  31|0x0000000745f00000, 0x0000000745f00000, 0x0000000746000000|  0%| F|  |TAMS 0x0000000745f00000, 0x0000000745f00000| Untracked 
|  32|0x0000000746000000, 0x0000000746000000, 0x0000000746100000|  0%| F|  |TAMS 0x0000000746000000, 0x0000000746000000| Untracked 
|  33|0x0000000746100000, 0x0000000746100000, 0x0000000746200000|  0%| F|  |TAMS 0x0000000746100000, 0x0000000746100000| Untracked 
|  34|0x0000000746200000, 0x0000000746200000, 0x0000000746300000|  0%| F|  |TAMS 0x0000000746200000, 0x0000000746200000| Untracked 
|  35|0x0000000746300000, 0x0000000746300000, 0x0000000746400000|  0%| F|  |TAMS 0x0000000746300000, 0x0000000746300000| Untracked 
|  36|0x0000000746400000, 0x0000000746400000, 0x0000000746500000|  0%| F|  |TAMS 0x0000000746400000, 0x0000000746400000| Untracked 
|  37|0x0000000746500000, 0x0000000746500000, 0x0000000746600000|  0%| F|  |TAMS 0x0000000746500000, 0x0000000746500000| Untracked 
|  38|0x0000000746600000, 0x0000000746600000, 0x0000000746700000|  0%| F|  |TAMS 0x0000000746600000, 0x0000000746600000| Untracked 
|  39|0x0000000746700000, 0x0000000746700000, 0x0000000746800000|  0%| F|  |TAMS 0x0000000746700000, 0x0000000746700000| Untracked 
|  40|0x0000000746800000, 0x0000000746800000, 0x0000000746900000|  0%| F|  |TAMS 0x0000000746800000, 0x0000000746800000| Untracked 
|  41|0x0000000746900000, 0x0000000746900000, 0x0000000746a00000|  0%| F|  |TAMS 0x0000000746900000, 0x0000000746900000| Untracked 
|  42|0x0000000746a00000, 0x0000000746a00000, 0x0000000746b00000|  0%| F|  |TAMS 0x0000000746a00000, 0x0000000746a00000| Untracked 
|  43|0x0000000746b00000, 0x0000000746b00000, 0x0000000746c00000|  0%| F|  |TAMS 0x0000000746b00000, 0x0000000746b00000| Untracked 
|  44|0x0000000746c00000, 0x0000000746c00000, 0x0000000746d00000|  0%| F|  |TAMS 0x0000000746c00000, 0x0000000746c00000| Untracked 
|  45|0x0000000746d00000, 0x0000000746d00000, 0x0000000746e00000|  0%| F|  |TAMS 0x0000000746d00000, 0x0000000746d00000| Untracked 
|  46|0x0000000746e00000, 0x0000000746e00000, 0x0000000746f00000|  0%| F|  |TAMS 0x0000000746e00000, 0x0000000746e00000| Untracked 
|  47|0x0000000746f00000, 0x0000000746f00000, 0x0000000747000000|  0%| F|  |TAMS 0x0000000746f00000, 0x0000000746f00000| Untracked 
|  48|0x0000000747000000, 0x0000000747000000, 0x0000000747100000|  0%| F|  |TAMS 0x0000000747000000, 0x0000000747000000| Untracked 
|  49|0x0000000747100000, 0x0000000747100000, 0x0000000747200000|  0%| F|  |TAMS 0x0000000747100000, 0x0000000747100000| Untracked 
|  50|0x0000000747200000, 0x0000000747200000, 0x0000000747300000|  0%| F|  |TAMS 0x0000000747200000, 0x0000000747200000| Untracked 
|  51|0x0000000747300000, 0x0000000747300000, 0x0000000747400000|  0%| F|  |TAMS 0x0000000747300000, 0x0000000747300000| Untracked 
|  52|0x0000000747400000, 0x0000000747400000, 0x0000000747500000|  0%| F|  |TAMS 0x0000000747400000, 0x0000000747400000| Untracked 
|  53|0x0000000747500000, 0x0000000747500000, 0x0000000747600000|  0%| F|  |TAMS 0x0000000747500000, 0x0000000747500000| Untracked 
|  54|0x0000000747600000, 0x0000000747600000, 0x0000000747700000|  0%| F|  |TAMS 0x0000000747600000, 0x0000000747600000| Untracked 
|  55|0x0000000747700000, 0x0000000747700000, 0x0000000747800000|  0%| F|  |TAMS 0x0000000747700000, 0x0000000747700000| Untracked 
|  56|0x0000000747800000, 0x0000000747800000, 0x0000000747900000|  0%| F|  |TAMS 0x0000000747800000, 0x0000000747800000| Untracked 
|  57|0x0000000747900000, 0x0000000747900000, 0x0000000747a00000|  0%| F|  |TAMS 0x0000000747900000, 0x0000000747900000| Untracked 
|  58|0x0000000747a00000, 0x0000000747a00000, 0x0000000747b00000|  0%| F|  |TAMS 0x0000000747a00000, 0x0000000747a00000| Untracked 
|  59|0x0000000747b00000, 0x0000000747b00000, 0x0000000747c00000|  0%| F|  |TAMS 0x0000000747b00000, 0x0000000747b00000| Untracked 
|  60|0x0000000747c00000, 0x0000000747c00000, 0x0000000747d00000|  0%| F|  |TAMS 0x0000000747c00000, 0x0000000747c00000| Untracked 
|  61|0x0000000747d00000, 0x0000000747d00000, 0x0000000747e00000|  0%| F|  |TAMS 0x0000000747d00000, 0x0000000747d00000| Untracked 
|  62|0x0000000747e00000, 0x0000000747e00000, 0x0000000747f00000|  0%| F|  |TAMS 0x0000000747e00000, 0x0000000747e00000| Untracked 
|  63|0x0000000747f00000, 0x0000000747f00000, 0x0000000748000000|  0%| F|  |TAMS 0x0000000747f00000, 0x0000000747f00000| Untracked 
|  64|0x0000000748000000, 0x0000000748000000, 0x0000000748100000|  0%| F|  |TAMS 0x0000000748000000, 0x0000000748000000| Untracked 
|  65|0x0000000748100000, 0x0000000748100000, 0x0000000748200000|  0%| F|  |TAMS 0x0000000748100000, 0x0000000748100000| Untracked 
|  66|0x0000000748200000, 0x0000000748200000, 0x0000000748300000|  0%| F|  |TAMS 0x0000000748200000, 0x0000000748200000| Untracked 
|  67|0x0000000748300000, 0x0000000748300000, 0x0000000748400000|  0%| F|  |TAMS 0x0000000748300000, 0x0000000748300000| Untracked 
|  68|0x0000000748400000, 0x0000000748400000, 0x0000000748500000|  0%| F|  |TAMS 0x0000000748400000, 0x0000000748400000| Untracked 
|  69|0x0000000748500000, 0x0000000748500000, 0x0000000748600000|  0%| F|  |TAMS 0x0000000748500000, 0x0000000748500000| Untracked 
|  70|0x0000000748600000, 0x0000000748600000, 0x0000000748700000|  0%| F|  |TAMS 0x0000000748600000, 0x0000000748600000| Untracked 
|  71|0x0000000748700000, 0x0000000748700000, 0x0000000748800000|  0%| F|  |TAMS 0x0000000748700000, 0x0000000748700000| Untracked 
|  72|0x0000000748800000, 0x0000000748800000, 0x0000000748900000|  0%| F|  |TAMS 0x0000000748800000, 0x0000000748800000| Untracked 
|  73|0x0000000748900000, 0x0000000748900000, 0x0000000748a00000|  0%| F|  |TAMS 0x0000000748900000, 0x0000000748900000| Untracked 
|  74|0x0000000748a00000, 0x0000000748a00000, 0x0000000748b00000|  0%| F|  |TAMS 0x0000000748a00000, 0x0000000748a00000| Untracked 
|  75|0x0000000748b00000, 0x0000000748b00000, 0x0000000748c00000|  0%| F|  |TAMS 0x0000000748b00000, 0x0000000748b00000| Untracked 
|  76|0x0000000748c00000, 0x0000000748c00000, 0x0000000748d00000|  0%| F|  |TAMS 0x0000000748c00000, 0x0000000748c00000| Untracked 
|  77|0x0000000748d00000, 0x0000000748d00000, 0x0000000748e00000|  0%| F|  |TAMS 0x0000000748d00000, 0x0000000748d00000| Untracked 
|  78|0x0000000748e00000, 0x0000000748e00000, 0x0000000748f00000|  0%| F|  |TAMS 0x0000000748e00000, 0x0000000748e00000| Untracked 
|  79|0x0000000748f00000, 0x0000000748f00000, 0x0000000749000000|  0%| F|  |TAMS 0x0000000748f00000, 0x0000000748f00000| Untracked 
|  80|0x0000000749000000, 0x0000000749000000, 0x0000000749100000|  0%| F|  |TAMS 0x0000000749000000, 0x0000000749000000| Untracked 
|  81|0x0000000749100000, 0x0000000749100000, 0x0000000749200000|  0%| F|  |TAMS 0x0000000749100000, 0x0000000749100000| Untracked 
|  82|0x0000000749200000, 0x0000000749200000, 0x0000000749300000|  0%| F|  |TAMS 0x0000000749200000, 0x0000000749200000| Untracked 
|  83|0x0000000749300000, 0x0000000749300000, 0x0000000749400000|  0%| F|  |TAMS 0x0000000749300000, 0x0000000749300000| Untracked 
|  84|0x0000000749400000, 0x0000000749400000, 0x0000000749500000|  0%| F|  |TAMS 0x0000000749400000, 0x0000000749400000| Untracked 
|  85|0x0000000749500000, 0x0000000749500000, 0x0000000749600000|  0%| F|  |TAMS 0x0000000749500000, 0x0000000749500000| Untracked 
|  86|0x0000000749600000, 0x0000000749600000, 0x0000000749700000|  0%| F|  |TAMS 0x0000000749600000, 0x0000000749600000| Untracked 
|  87|0x0000000749700000, 0x0000000749700000, 0x0000000749800000|  0%| F|  |TAMS 0x0000000749700000, 0x0000000749700000| Untracked 
|  88|0x0000000749800000, 0x0000000749800000, 0x0000000749900000|  0%| F|  |TAMS 0x0000000749800000, 0x0000000749800000| Untracked 
|  89|0x0000000749900000, 0x0000000749900000, 0x0000000749a00000|  0%| F|  |TAMS 0x0000000749900000, 0x0000000749900000| Untracked 
|  90|0x0000000749a00000, 0x0000000749a00000, 0x0000000749b00000|  0%| F|  |TAMS 0x0000000749a00000, 0x0000000749a00000| Untracked 
|  91|0x0000000749b00000, 0x0000000749b00000, 0x0000000749c00000|  0%| F|  |TAMS 0x0000000749b00000, 0x0000000749b00000| Untracked 
|  92|0x0000000749c00000, 0x0000000749c00000, 0x0000000749d00000|  0%| F|  |TAMS 0x0000000749c00000, 0x0000000749c00000| Untracked 
|  93|0x0000000749d00000, 0x0000000749d00000, 0x0000000749e00000|  0%| F|  |TAMS 0x0000000749d00000, 0x0000000749d00000| Untracked 
|  94|0x0000000749e00000, 0x0000000749e00000, 0x0000000749f00000|  0%| F|  |TAMS 0x0000000749e00000, 0x0000000749e00000| Untracked 
|  95|0x0000000749f00000, 0x0000000749f00000, 0x000000074a000000|  0%| F|  |TAMS 0x0000000749f00000, 0x0000000749f00000| Untracked 
|  96|0x000000074a000000, 0x000000074a000000, 0x000000074a100000|  0%| F|  |TAMS 0x000000074a000000, 0x000000074a000000| Untracked 
|  97|0x000000074a100000, 0x000000074a100000, 0x000000074a200000|  0%| F|  |TAMS 0x000000074a100000, 0x000000074a100000| Untracked 
|  98|0x000000074a200000, 0x000000074a200000, 0x000000074a300000|  0%| F|  |TAMS 0x000000074a200000, 0x000000074a200000| Untracked 
|  99|0x000000074a300000, 0x000000074a300000, 0x000000074a400000|  0%| F|  |TAMS 0x000000074a300000, 0x000000074a300000| Untracked 
| 100|0x000000074a400000, 0x000000074a400000, 0x000000074a500000|  0%| F|  |TAMS 0x000000074a400000, 0x000000074a400000| Untracked 
| 101|0x000000074a500000, 0x000000074a500000, 0x000000074a600000|  0%| F|  |TAMS 0x000000074a500000, 0x000000074a500000| Untracked 
| 102|0x000000074a600000, 0x000000074a600000, 0x000000074a700000|  0%| F|  |TAMS 0x000000074a600000, 0x000000074a600000| Untracked 
| 103|0x000000074a700000, 0x000000074a700000, 0x000000074a800000|  0%| F|  |TAMS 0x000000074a700000, 0x000000074a700000| Untracked 
| 104|0x000000074a800000, 0x000000074a800000, 0x000000074a900000|  0%| F|  |TAMS 0x000000074a800000, 0x000000074a800000| Untracked 
| 105|0x000000074a900000, 0x000000074a900000, 0x000000074aa00000|  0%| F|  |TAMS 0x000000074a900000, 0x000000074a900000| Untracked 
| 106|0x000000074aa00000, 0x000000074aa00000, 0x000000074ab00000|  0%| F|  |TAMS 0x000000074aa00000, 0x000000074aa00000| Untracked 
| 107|0x000000074ab00000, 0x000000074ab00000, 0x000000074ac00000|  0%| F|  |TAMS 0x000000074ab00000, 0x000000074ab00000| Untracked 
| 108|0x000000074ac00000, 0x000000074ac00000, 0x000000074ad00000|  0%| F|  |TAMS 0x000000074ac00000, 0x000000074ac00000| Untracked 
| 109|0x000000074ad00000, 0x000000074ad00000, 0x000000074ae00000|  0%| F|  |TAMS 0x000000074ad00000, 0x000000074ad00000| Untracked 
| 110|0x000000074ae00000, 0x000000074ae00000, 0x000000074af00000|  0%| F|  |TAMS 0x000000074ae00000, 0x000000074ae00000| Untracked 
| 111|0x000000074af00000, 0x000000074af00000, 0x000000074b000000|  0%| F|  |TAMS 0x000000074af00000, 0x000000074af00000| Untracked 
| 112|0x000000074b000000, 0x000000074b000000, 0x000000074b100000|  0%| F|  |TAMS 0x000000074b000000, 0x000000074b000000| Untracked 
| 113|0x000000074b100000, 0x000000074b100000, 0x000000074b200000|  0%| F|  |TAMS 0x000000074b100000, 0x000000074b100000| Untracked 
| 114|0x000000074b200000, 0x000000074b200000, 0x000000074b300000|  0%| F|  |TAMS 0x000000074b200000, 0x000000074b200000| Untracked 
| 115|0x000000074b300000, 0x000000074b300000, 0x000000074b400000|  0%| F|  |TAMS 0x000000074b300000, 0x000000074b300000| Untracked 
| 116|0x000000074b400000, 0x000000074b400000, 0x000000074b500000|  0%| F|  |TAMS 0x000000074b400000, 0x000000074b400000| Untracked 
| 117|0x000000074b500000, 0x000000074b500000, 0x000000074b600000|  0%| F|  |TAMS 0x000000074b500000, 0x000000074b500000| Untracked 
| 118|0x000000074b600000, 0x000000074b600000, 0x000000074b700000|  0%| F|  |TAMS 0x000000074b600000, 0x000000074b600000| Untracked 
| 119|0x000000074b700000, 0x000000074b700000, 0x000000074b800000|  0%| F|  |TAMS 0x000000074b700000, 0x000000074b700000| Untracked 
| 120|0x000000074b800000, 0x000000074b800000, 0x000000074b900000|  0%| F|  |TAMS 0x000000074b800000, 0x000000074b800000| Untracked 
| 121|0x000000074b900000, 0x000000074b900000, 0x000000074ba00000|  0%| F|  |TAMS 0x000000074b900000, 0x000000074b900000| Untracked 
| 122|0x000000074ba00000, 0x000000074ba00000, 0x000000074bb00000|  0%| F|  |TAMS 0x000000074ba00000, 0x000000074ba00000| Untracked 
| 123|0x000000074bb00000, 0x000000074bb00000, 0x000000074bc00000|  0%| F|  |TAMS 0x000000074bb00000, 0x000000074bb00000| Untracked 
| 124|0x000000074bc00000, 0x000000074bc00000, 0x000000074bd00000|  0%| F|  |TAMS 0x000000074bc00000, 0x000000074bc00000| Untracked 
| 125|0x000000074bd00000, 0x000000074bd00000, 0x000000074be00000|  0%| F|  |TAMS 0x000000074bd00000, 0x000000074bd00000| Untracked 
| 126|0x000000074be00000, 0x000000074be00000, 0x000000074bf00000|  0%| F|  |TAMS 0x000000074be00000, 0x000000074be00000| Untracked 
| 127|0x000000074bf00000, 0x000000074bf00000, 0x000000074c000000|  0%| F|  |TAMS 0x000000074bf00000, 0x000000074bf00000| Untracked 
| 128|0x000000074c000000, 0x000000074c000000, 0x000000074c100000|  0%| F|  |TAMS 0x000000074c000000, 0x000000074c000000| Untracked 
| 129|0x000000074c100000, 0x000000074c100000, 0x000000074c200000|  0%| F|  |TAMS 0x000000074c100000, 0x000000074c100000| Untracked 
| 130|0x000000074c200000, 0x000000074c200000, 0x000000074c300000|  0%| F|  |TAMS 0x000000074c200000, 0x000000074c200000| Untracked 
| 131|0x000000074c300000, 0x000000074c300000, 0x000000074c400000|  0%| F|  |TAMS 0x000000074c300000, 0x000000074c300000| Untracked 
| 132|0x000000074c400000, 0x000000074c400000, 0x000000074c500000|  0%| F|  |TAMS 0x000000074c400000, 0x000000074c400000| Untracked 
| 133|0x000000074c500000, 0x000000074c500000, 0x000000074c600000|  0%| F|  |TAMS 0x000000074c500000, 0x000000074c500000| Untracked 
| 134|0x000000074c600000, 0x000000074c600000, 0x000000074c700000|  0%| F|  |TAMS 0x000000074c600000, 0x000000074c600000| Untracked 
| 135|0x000000074c700000, 0x000000074c7bd460, 0x000000074c800000| 73%| S|CS|TAMS 0x000000074c700000, 0x000000074c700000| Complete 
| 136|0x000000074c800000, 0x000000074c900000, 0x000000074c900000|100%| S|CS|TAMS 0x000000074c800000, 0x000000074c800000| Complete 
| 137|0x000000074c900000, 0x000000074ca00000, 0x000000074ca00000|100%| S|CS|TAMS 0x000000074c900000, 0x000000074c900000| Complete 
| 138|0x000000074ca00000, 0x000000074cb00000, 0x000000074cb00000|100%| S|CS|TAMS 0x000000074ca00000, 0x000000074ca00000| Complete 
| 139|0x000000074cb00000, 0x000000074cc00000, 0x000000074cc00000|100%| S|CS|TAMS 0x000000074cb00000, 0x000000074cb00000| Complete 
| 140|0x000000074cc00000, 0x000000074cd00000, 0x000000074cd00000|100%| S|CS|TAMS 0x000000074cc00000, 0x000000074cc00000| Complete 
| 141|0x000000074cd00000, 0x000000074cd00000, 0x000000074ce00000|  0%| F|  |TAMS 0x000000074cd00000, 0x000000074cd00000| Untracked 
| 142|0x000000074ce00000, 0x000000074ce00000, 0x000000074cf00000|  0%| F|  |TAMS 0x000000074ce00000, 0x000000074ce00000| Untracked 
| 143|0x000000074cf00000, 0x000000074cf00000, 0x000000074d000000|  0%| F|  |TAMS 0x000000074cf00000, 0x000000074cf00000| Untracked 
| 144|0x000000074d000000, 0x000000074d000000, 0x000000074d100000|  0%| F|  |TAMS 0x000000074d000000, 0x000000074d000000| Untracked 
| 145|0x000000074d100000, 0x000000074d100000, 0x000000074d200000|  0%| F|  |TAMS 0x000000074d100000, 0x000000074d100000| Untracked 
| 146|0x000000074d200000, 0x000000074d200000, 0x000000074d300000|  0%| F|  |TAMS 0x000000074d200000, 0x000000074d200000| Untracked 
| 147|0x000000074d300000, 0x000000074d300000, 0x000000074d400000|  0%| F|  |TAMS 0x000000074d300000, 0x000000074d300000| Untracked 
| 148|0x000000074d400000, 0x000000074d400000, 0x000000074d500000|  0%| F|  |TAMS 0x000000074d400000, 0x000000074d400000| Untracked 
| 149|0x000000074d500000, 0x000000074d500000, 0x000000074d600000|  0%| F|  |TAMS 0x000000074d500000, 0x000000074d500000| Untracked 
| 150|0x000000074d600000, 0x000000074d600000, 0x000000074d700000|  0%| F|  |TAMS 0x000000074d600000, 0x000000074d600000| Untracked 
| 151|0x000000074d700000, 0x000000074d700000, 0x000000074d800000|  0%| F|  |TAMS 0x000000074d700000, 0x000000074d700000| Untracked 
| 152|0x000000074d800000, 0x000000074d800000, 0x000000074d900000|  0%| F|  |TAMS 0x000000074d800000, 0x000000074d800000| Untracked 
| 153|0x000000074d900000, 0x000000074d900000, 0x000000074da00000|  0%| F|  |TAMS 0x000000074d900000, 0x000000074d900000| Untracked 
| 154|0x000000074da00000, 0x000000074da00000, 0x000000074db00000|  0%| F|  |TAMS 0x000000074da00000, 0x000000074da00000| Untracked 
| 155|0x000000074db00000, 0x000000074db00000, 0x000000074dc00000|  0%| F|  |TAMS 0x000000074db00000, 0x000000074db00000| Untracked 
| 156|0x000000074dc00000, 0x000000074dc00000, 0x000000074dd00000|  0%| F|  |TAMS 0x000000074dc00000, 0x000000074dc00000| Untracked 
| 157|0x000000074dd00000, 0x000000074dd00000, 0x000000074de00000|  0%| F|  |TAMS 0x000000074dd00000, 0x000000074dd00000| Untracked 
| 158|0x000000074de00000, 0x000000074de00000, 0x000000074df00000|  0%| F|  |TAMS 0x000000074de00000, 0x000000074de00000| Untracked 
| 159|0x000000074df00000, 0x000000074df00000, 0x000000074e000000|  0%| F|  |TAMS 0x000000074df00000, 0x000000074df00000| Untracked 
| 160|0x000000074e000000, 0x000000074e000000, 0x000000074e100000|  0%| F|  |TAMS 0x000000074e000000, 0x000000074e000000| Untracked 
| 161|0x000000074e100000, 0x000000074e200000, 0x000000074e200000|100%| E|  |TAMS 0x000000074e100000, 0x000000074e100000| Complete 
| 162|0x000000074e200000, 0x000000074e2fd6e8, 0x000000074e300000| 98%| E|  |TAMS 0x000000074e200000, 0x000000074e200000| Complete 
| 163|0x000000074e300000, 0x000000074e400000, 0x000000074e400000|100%| E|CS|TAMS 0x000000074e300000, 0x000000074e300000| Complete 
| 164|0x000000074e400000, 0x000000074e500000, 0x000000074e500000|100%| E|CS|TAMS 0x000000074e400000, 0x000000074e400000| Complete 
| 165|0x000000074e500000, 0x000000074e600000, 0x000000074e600000|100%| E|CS|TAMS 0x000000074e500000, 0x000000074e500000| Complete 
| 166|0x000000074e600000, 0x000000074e700000, 0x000000074e700000|100%| E|CS|TAMS 0x000000074e600000, 0x000000074e600000| Complete 
| 167|0x000000074e700000, 0x000000074e800000, 0x000000074e800000|100%| E|CS|TAMS 0x000000074e700000, 0x000000074e700000| Complete 
| 168|0x000000074e800000, 0x000000074e900000, 0x000000074e900000|100%| E|CS|TAMS 0x000000074e800000, 0x000000074e800000| Complete 
| 169|0x000000074e900000, 0x000000074ea00000, 0x000000074ea00000|100%| E|CS|TAMS 0x000000074e900000, 0x000000074e900000| Complete 
| 170|0x000000074ea00000, 0x000000074eb00000, 0x000000074eb00000|100%| E|CS|TAMS 0x000000074ea00000, 0x000000074ea00000| Complete 
| 171|0x000000074eb00000, 0x000000074ec00000, 0x000000074ec00000|100%| E|CS|TAMS 0x000000074eb00000, 0x000000074eb00000| Complete 
| 172|0x000000074ec00000, 0x000000074ed00000, 0x000000074ed00000|100%| E|CS|TAMS 0x000000074ec00000, 0x000000074ec00000| Complete 
| 173|0x000000074ed00000, 0x000000074ee00000, 0x000000074ee00000|100%| E|CS|TAMS 0x000000074ed00000, 0x000000074ed00000| Complete 
| 174|0x000000074ee00000, 0x000000074ef00000, 0x000000074ef00000|100%| E|CS|TAMS 0x000000074ee00000, 0x000000074ee00000| Complete 
| 175|0x000000074ef00000, 0x000000074f000000, 0x000000074f000000|100%| E|CS|TAMS 0x000000074ef00000, 0x000000074ef00000| Complete 
| 176|0x000000074f000000, 0x000000074f100000, 0x000000074f100000|100%| E|CS|TAMS 0x000000074f000000, 0x000000074f000000| Complete 
| 177|0x000000074f100000, 0x000000074f200000, 0x000000074f200000|100%| E|CS|TAMS 0x000000074f100000, 0x000000074f100000| Complete 
| 178|0x000000074f200000, 0x000000074f300000, 0x000000074f300000|100%| E|CS|TAMS 0x000000074f200000, 0x000000074f200000| Complete 
| 179|0x000000074f300000, 0x000000074f400000, 0x000000074f400000|100%| E|CS|TAMS 0x000000074f300000, 0x000000074f300000| Complete 
| 180|0x000000074f400000, 0x000000074f500000, 0x000000074f500000|100%| E|CS|TAMS 0x000000074f400000, 0x000000074f400000| Complete 
| 181|0x000000074f500000, 0x000000074f600000, 0x000000074f600000|100%| E|CS|TAMS 0x000000074f500000, 0x000000074f500000| Complete 
| 182|0x000000074f600000, 0x000000074f700000, 0x000000074f700000|100%| E|CS|TAMS 0x000000074f600000, 0x000000074f600000| Complete 
| 183|0x000000074f700000, 0x000000074f800000, 0x000000074f800000|100%| E|CS|TAMS 0x000000074f700000, 0x000000074f700000| Complete 
| 184|0x000000074f800000, 0x000000074f900000, 0x000000074f900000|100%| E|CS|TAMS 0x000000074f800000, 0x000000074f800000| Complete 
| 185|0x000000074f900000, 0x000000074fa00000, 0x000000074fa00000|100%| E|CS|TAMS 0x000000074f900000, 0x000000074f900000| Complete 
| 186|0x000000074fa00000, 0x000000074fb00000, 0x000000074fb00000|100%| E|CS|TAMS 0x000000074fa00000, 0x000000074fa00000| Complete 
| 187|0x000000074fb00000, 0x000000074fc00000, 0x000000074fc00000|100%| E|CS|TAMS 0x000000074fb00000, 0x000000074fb00000| Complete 

Card table byte_map: [0x000001a724e50000,0x000001a725430000] _byte_map_base: 0x000001a721430000

Marking Bits (Prev, Next): (CMBitMap*) 0x000001a70d15f210, (CMBitMap*) 0x000001a70d15f1d8
 Prev Bits: [0x000001a728910000, 0x000001a72b810000)
 Next Bits: [0x000001a725a10000, 0x000001a728910000)

Polling page: 0x000001a70c8f0000

Metaspace:

Usage:
  Non-class:     24.92 MB capacity,    24.62 MB ( 99%) used,   264.80 KB (  1%) free+waste,    44.31 KB ( <1%) overhead. 
      Class:      3.17 MB capacity,     2.99 MB ( 94%) used,   169.20 KB (  5%) free+waste,    21.13 KB ( <1%) overhead. 
       Both:     28.10 MB capacity,    27.61 MB ( 98%) used,   434.01 KB (  2%) free+waste,    65.44 KB ( <1%) overhead. 

Virtual space:
  Non-class space:       26.00 MB reserved,      25.00 MB ( 96%) committed 
      Class space:        1.00 GB reserved,       3.25 MB ( <1%) committed 
             Both:        1.03 GB reserved,      28.25 MB (  3%) committed 

Chunk freelists:
   Non-Class:  14.00 KB
       Class:  16.00 KB
        Both:  30.00 KB

MaxMetaspaceSize: 17179869184.00 GB
CompressedClassSpaceSize: 1.00 GB
Initial GC threshold: 20.80 MB
Current GC threshold: 35.00 MB
CDS: off

CodeHeap 'non-profiled nmethods': size=120064Kb used=692Kb max_used=692Kb free=119371Kb
 bounds [0x000001a71d330000, 0x000001a71d5a0000, 0x000001a724870000]
CodeHeap 'profiled nmethods': size=120000Kb used=4047Kb max_used=4047Kb free=115952Kb
 bounds [0x000001a715e00000, 0x000001a716200000, 0x000001a71d330000]
CodeHeap 'non-nmethods': size=5696Kb used=1234Kb max_used=1250Kb free=4461Kb
 bounds [0x000001a715870000, 0x000001a715ae0000, 0x000001a715e00000]
 total_blobs=2581 nmethods=2081 adapters=412
 compilation: enabled
              stopped_count=0, restarted_count=0
 full_count=0

Compilation events (20 events):
Event: 2.335 Thread 0x000001a72e5d5000 nmethod 2065 0x000001a7161dcd90 code [0x000001a7161dd080, 0x000001a7161de188]
Event: 2.335 Thread 0x000001a72e5d5000 2062       1       java.lang.reflect.Constructor::getConstructorAccessor (5 bytes)
Event: 2.335 Thread 0x000001a72e5d5000 nmethod 2062 0x000001a71d3dc010 code [0x000001a71d3dc1c0, 0x000001a71d3dc278]
Event: 2.335 Thread 0x000001a72e5d5000 2063       1       jdk.internal.reflect.DelegatingConstructorAccessorImpl::setDelegate (6 bytes)
Event: 2.335 Thread 0x000001a72e5d5000 nmethod 2063 0x000001a71d3dc310 code [0x000001a71d3dc4c0, 0x000001a71d3dc5d8]
Event: 2.347 Thread 0x000001a72e5d5000 2067       3       kotlin.jvm.internal.PropertyReference::<init> (23 bytes)
Event: 2.348 Thread 0x000001a72e5d5000 nmethod 2067 0x000001a7161de710 code [0x000001a7161de8e0, 0x000001a7161dec98]
Event: 2.348 Thread 0x000001a72e5d5000 2068       3       kotlin.reflect.jvm.internal.ReflectionFactoryImpl::getOwner (23 bytes)
Event: 2.348 Thread 0x000001a72e5d5000 nmethod 2068 0x000001a7161ded90 code [0x000001a7161def60, 0x000001a7161df408]
Event: 2.348 Thread 0x000001a72e5d5000 2069       3       kotlin.jvm.internal.CallableReference::getOwner (36 bytes)
Event: 2.348 Thread 0x000001a72e5d5000 nmethod 2069 0x000001a7161df510 code [0x000001a7161df720, 0x000001a7161dfb58]
Event: 2.348 Thread 0x000001a72e5d5000 2070  s    3       jdk.internal.perf.PerfCounter::add (18 bytes)
Event: 2.348 Thread 0x000001a72e5d5000 nmethod 2070 0x000001a7161dfd10 code [0x000001a7161dff00, 0x000001a7161e0578]
Event: 2.348 Thread 0x000001a72e5d5000 2071  s    3       jdk.internal.perf.PerfCounter::get (9 bytes)
Event: 2.349 Thread 0x000001a72e5d5000 nmethod 2071 0x000001a7161e0710 code [0x000001a7161e08e0, 0x000001a7161e0c48]
Event: 2.364 Thread 0x000001a72e5d5000 2072       1       kotlin.Pair::component1 (5 bytes)
Event: 2.364 Thread 0x000001a72e5d5000 nmethod 2072 0x000001a71d3dc990 code [0x000001a71d3dcb40, 0x000001a71d3dcbf8]
Event: 2.394 Thread 0x000001a72e5d5000 2073       3       java.util.zip.ZipFile$Source::isManifestName (160 bytes)
Event: 2.395 Thread 0x000001a72e5d5000 nmethod 2073 0x000001a7161e0d10 code [0x000001a7161e0ee0, 0x000001a7161e1478]
Event: 2.399 Thread 0x000001a72e5d5000 2074 %     3       java.util.zip.ZipFile$Source::initCEN @ 228 (697 bytes)

GC Heap History (4 events):
Event: 0.514 GC heap before
{Heap before GC invocations=0 (full 0):
 garbage-first heap   total 192512K, used 17408K [0x0000000744000000, 0x0000000800000000)
  region size 1024K, 14 young (14336K), 0 survivors (0K)
 Metaspace       used 9805K, capacity 9906K, committed 10112K, reserved 1058816K
  class space    used 826K, capacity 853K, committed 896K, reserved 1048576K
}
Event: 0.516 GC heap after
{Heap after GC invocations=1 (full 0):
 garbage-first heap   total 192512K, used 5277K [0x0000000744000000, 0x0000000800000000)
  region size 1024K, 2 young (2048K), 2 survivors (2048K)
 Metaspace       used 9805K, capacity 9906K, committed 10112K, reserved 1058816K
  class space    used 826K, capacity 853K, committed 896K, reserved 1048576K
}
Event: 1.622 GC heap before
{Heap before GC invocations=1 (full 0):
 garbage-first heap   total 192512K, used 50333K [0x0000000744000000, 0x0000000800000000)
  region size 1024K, 47 young (48128K), 2 survivors (2048K)
 Metaspace       used 20939K, capacity 21203K, committed 21248K, reserved 1069056K
  class space    used 2198K, capacity 2283K, committed 2304K, reserved 1048576K
}
Event: 1.635 GC heap after
{Heap after GC invocations=2 (full 0):
 garbage-first heap   total 192512K, used 9106K [0x0000000744000000, 0x0000000800000000)
  region size 1024K, 6 young (6144K), 6 survivors (6144K)
 Metaspace       used 20939K, capacity 21203K, committed 21248K, reserved 1069056K
  class space    used 2198K, capacity 2283K, committed 2304K, reserved 1048576K
}

Deoptimization events (20 events):
Event: 1.883 Thread 0x000001a70d10d800 DEOPT PACKING pc=0x000001a71618159a sp=0x0000001b80dfe5e0
Event: 1.883 Thread 0x000001a70d10d800 DEOPT UNPACKING pc=0x000001a7158b9d0e sp=0x0000001b80dfda98 mode 0
Event: 1.883 Thread 0x000001a70d10d800 DEOPT PACKING pc=0x000001a71618159a sp=0x0000001b80dfe5e0
Event: 1.883 Thread 0x000001a70d10d800 DEOPT UNPACKING pc=0x000001a7158b9d0e sp=0x0000001b80dfda98 mode 0
Event: 1.958 Thread 0x000001a70d10d800 Uncommon trap: trap_request=0xffffff4d fr.pc=0x000001a71d332278 relative=0x0000000000000058
Event: 1.958 Thread 0x000001a70d10d800 Uncommon trap: reason=unstable_if action=reinterpret pc=0x000001a71d332278 method=java.lang.String.isLatin1()Z @ 10 c2
Event: 1.958 Thread 0x000001a70d10d800 DEOPT PACKING pc=0x000001a71d332278 sp=0x0000001b80dfd190
Event: 1.958 Thread 0x000001a70d10d800 DEOPT UNPACKING pc=0x000001a7158785af sp=0x0000001b80dfd120 mode 2
Event: 1.958 Thread 0x000001a70d10d800 Uncommon trap: trap_request=0xffffffde fr.pc=0x000001a71d3b8e28 relative=0x00000000000014e8
Event: 1.958 Thread 0x000001a70d10d800 Uncommon trap: reason=class_check action=maybe_recompile pc=0x000001a71d3b8e28 method=java.util.zip.InflaterInputStream.read([BII)I @ 100 c2
Event: 1.958 Thread 0x000001a70d10d800 DEOPT PACKING pc=0x000001a71d3b8e28 sp=0x0000001b80dfe620
Event: 1.958 Thread 0x000001a70d10d800 DEOPT UNPACKING pc=0x000001a7158785af sp=0x0000001b80dfe680 mode 2
Event: 2.043 Thread 0x000001a70d10d800 Uncommon trap: trap_request=0xffffff4d fr.pc=0x000001a71d3ce97c relative=0x00000000000005bc
Event: 2.043 Thread 0x000001a70d10d800 Uncommon trap: reason=unstable_if action=reinterpret pc=0x000001a71d3ce97c method=java.lang.Integer.getChars(II[B)I @ 25 c2
Event: 2.043 Thread 0x000001a70d10d800 DEOPT PACKING pc=0x000001a71d3ce97c sp=0x0000001b80dfe6b0
Event: 2.043 Thread 0x000001a70d10d800 DEOPT UNPACKING pc=0x000001a7158785af sp=0x0000001b80dfe5a0 mode 2
Event: 2.226 Thread 0x000001a70d10d800 Uncommon trap: trap_request=0xffffff4d fr.pc=0x000001a71d3978b8 relative=0x0000000000000198
Event: 2.226 Thread 0x000001a70d10d800 Uncommon trap: reason=unstable_if action=reinterpret pc=0x000001a71d3978b8 method=java.lang.String.startsWith(Ljava/lang/String;I)Z @ 1 c2
Event: 2.226 Thread 0x000001a70d10d800 DEOPT PACKING pc=0x000001a71d3978b8 sp=0x0000001b80dfde20
Event: 2.226 Thread 0x000001a70d10d800 DEOPT UNPACKING pc=0x000001a7158785af sp=0x0000001b80dfdd90 mode 2

Classes redefined (0 events):
No events

Internal exceptions (20 events):
Event: 1.581 Thread 0x000001a70d10d800 Exception <a 'java/lang/NoSuchMethodError'{0x000000074cf17a50}: 'java.lang.Object java.lang.invoke.DirectMethodHandle$Holder.invokeStaticInit(java.lang.Object, int)'> (0x000000074cf17a50) thrown at [./src/hotspot/share/interpreter/linkResolver.cpp, line 773]
Event: 1.607 Thread 0x000001a70d10d800 Exception <a 'java/lang/NoSuchMethodError'{0x000000074cedbba0}: 'long java.lang.invoke.DirectMethodHandle$Holder.invokeStatic(java.lang.Object)'> (0x000000074cedbba0) thrown at [./src/hotspot/share/interpreter/linkResolver.cpp, line 773]
Event: 1.607 Thread 0x000001a70d10d800 Exception <a 'java/lang/NoSuchMethodError'{0x000000074cede9f8}: 'long java.lang.invoke.DirectMethodHandle$Holder.invokeStaticInit(java.lang.Object)'> (0x000000074cede9f8) thrown at [./src/hotspot/share/interpreter/linkResolver.cpp, line 773]
Event: 1.681 Thread 0x000001a70d10d800 Exception <a 'java/lang/NoSuchMethodError'{0x000000074f8246f8}: 'int java.lang.invoke.DirectMethodHandle$Holder.invokeStaticInit(java.lang.Object, java.lang.Object, java.lang.Object)'> (0x000000074f8246f8) thrown at [./src/hotspot/share/interpreter/linkResolver.cpp, line 773]
Event: 1.686 Thread 0x000001a70d10d800 Exception <a 'java/lang/NoSuchMethodError'{0x000000074f84ffe8}: 'int java.lang.invoke.DirectMethodHandle$Holder.invokeStaticInit(java.lang.Object, java.lang.Object)'> (0x000000074f84ffe8) thrown at [./src/hotspot/share/interpreter/linkResolver.cpp, line 773]
Event: 1.743 Thread 0x000001a70d10d800 Exception <a 'java/lang/NoSuchMethodError'{0x000000074f661cd8}: 'void java.lang.invoke.DirectMethodHandle$Holder.invokeSpecial(java.lang.Object, java.lang.Object)'> (0x000000074f661cd8) thrown at [./src/hotspot/share/interpreter/linkResolver.cpp, line 773]
Event: 1.977 Thread 0x000001a70d10d800 Exception <a 'java/lang/NoSuchMethodError'{0x000000074efdc908}: 'java.lang.Object java.lang.invoke.DirectMethodHandle$Holder.invokeStatic(java.lang.Object, java.lang.Object, java.lang.Object, java.lang.Object, java.lang.Object, java.lang.Object, java.lang.Object, java.lang.Object, java.lang.Object, java.lang.Object, java.lang.Object, java.lang.Object, java.lang.Object, java.lang.Object, java.lang.Object)'> (0x000000074efdc908) thrown at [./src/hotspot/share/interpreter/linkResolver.cpp, line 773]
Event: 1.979 Thread 0x000001a70d10d800 Exception <a 'java/lang/NoSuchMethodError'{0x000000074efea910}: 'java.lang.Object java.lang.invoke.DirectMethodHandle$Holder.invokeStatic(java.lang.Object, java.lang.Object, java.lang.Object, java.lang.Object, java.lang.Object, java.lang.Object, java.lang.Object, java.lang.Object, java.lang.Object, java.lang.Object, java.lang.Object, java.lang.Object, java.lang.Object, java.lang.Object, java.lang.Object, java.lang.Object)'> (0x000000074efea910) thrown at [./src/hotspot/share/interpreter/linkResolver.cpp, l
Event: 1.981 Thread 0x000001a70d10d800 Exception <a 'java/lang/NoSuchMethodError'{0x000000074eff8828}: 'java.lang.Object java.lang.invoke.DirectMethodHandle$Holder.invokeSpecial(java.lang.Object, java.lang.Object, int, int, java.lang.Object, java.lang.Object, java.lang.Object)'> (0x000000074eff8828) thrown at [./src/hotspot/share/interpreter/linkResolver.cpp, line 773]
Event: 1.981 Thread 0x000001a70d10d800 Exception <a 'java/lang/NoSuchMethodError'{0x000000074effc060}: 'java.lang.Object java.lang.invoke.DelegatingMethodHandle$Holder.reinvoke_L(java.lang.Object, int, int, java.lang.Object, java.lang.Object, java.lang.Object)'> (0x000000074effc060) thrown at [./src/hotspot/share/interpreter/linkResolver.cpp, line 773]
Event: 1.982 Thread 0x000001a70d10d800 Exception <a 'java/lang/NoSuchMethodError'{0x000000074ee008a8}: 'java.lang.Object java.lang.invoke.DirectMethodHandle$Holder.invokeStatic(java.lang.Object, java.lang.Object, java.lang.Object, java.lang.Object, int)'> (0x000000074ee008a8) thrown at [./src/hotspot/share/interpreter/linkResolver.cpp, line 773]
Event: 2.042 Thread 0x000001a70d10d800 Exception <a 'sun/nio/fs/WindowsException'{0x000000074ed40628}> (0x000000074ed40628) thrown at [./src/hotspot/share/prims/jni.cpp, line 617]
Event: 2.043 Thread 0x000001a70d10d800 Exception <a 'sun/nio/fs/WindowsException'{0x000000074ed40ea0}> (0x000000074ed40ea0) thrown at [./src/hotspot/share/prims/jni.cpp, line 617]
Event: 2.043 Thread 0x000001a70d10d800 Exception <a 'sun/nio/fs/WindowsException'{0x000000074ed41738}> (0x000000074ed41738) thrown at [./src/hotspot/share/prims/jni.cpp, line 617]
Event: 2.043 Thread 0x000001a70d10d800 Exception <a 'sun/nio/fs/WindowsException'{0x000000074ed42130}> (0x000000074ed42130) thrown at [./src/hotspot/share/prims/jni.cpp, line 617]
Event: 2.043 Thread 0x000001a70d10d800 Exception <a 'sun/nio/fs/WindowsException'{0x000000074ed42a38}> (0x000000074ed42a38) thrown at [./src/hotspot/share/prims/jni.cpp, line 617]
Event: 2.043 Thread 0x000001a70d10d800 Exception <a 'sun/nio/fs/WindowsException'{0x000000074ed43370}> (0x000000074ed43370) thrown at [./src/hotspot/share/prims/jni.cpp, line 617]
Event: 2.046 Thread 0x000001a70d10d800 Exception <a 'java/lang/NoSuchMethodError'{0x000000074ed49ba8}: 'void java.lang.invoke.DirectMethodHandle$Holder.invokeStatic(java.lang.Object, java.lang.Object, java.lang.Object, java.lang.Object)'> (0x000000074ed49ba8) thrown at [./src/hotspot/share/interpreter/linkResolver.cpp, line 773]
Event: 2.194 Thread 0x000001a70d10d800 Exception <a 'java/lang/NoSuchMethodError'{0x000000074e929a58}: 'void java.lang.invoke.DirectMethodHandle$Holder.invokeStaticInit(java.lang.Object, java.lang.Object)'> (0x000000074e929a58) thrown at [./src/hotspot/share/interpreter/linkResolver.cpp, line 773]
Event: 2.336 Thread 0x000001a70d10d800 Exception <a 'java/lang/NoSuchMethodError'{0x000000074e4b5690}: 'void java.lang.invoke.DirectMethodHandle$Holder.invokeVirtual(java.lang.Object, java.lang.Object)'> (0x000000074e4b5690) thrown at [./src/hotspot/share/interpreter/linkResolver.cpp, line 773]

Events (20 events):
Event: 2.367 loading class kotlin/coroutines/intrinsics/IntrinsicsKt__IntrinsicsKt
Event: 2.367 loading class kotlin/coroutines/intrinsics/IntrinsicsKt__IntrinsicsKt done
Event: 2.367 loading class kotlin/coroutines/intrinsics/IntrinsicsKt__IntrinsicsJvmKt
Event: 2.367 loading class kotlin/coroutines/intrinsics/IntrinsicsKt__IntrinsicsJvmKt done
Event: 2.367 loading class kotlin/coroutines/jvm/internal/DebugProbesKt
Event: 2.367 loading class kotlin/coroutines/jvm/internal/DebugProbesKt done
Event: 2.367 loading class kotlin/coroutines/EmptyCoroutineContext
Event: 2.367 loading class kotlin/coroutines/EmptyCoroutineContext done
Event: 2.367 loading class kotlin/coroutines/CoroutineContext
Event: 2.367 loading class kotlin/coroutines/CoroutineContext done
Event: 2.368 loading class kotlin/Result
Event: 2.368 loading class kotlin/Result done
Event: 2.368 loading class kotlin/Result$Companion
Event: 2.368 loading class kotlin/Result$Companion done
Event: 2.368 loading class kotlin/coroutines/intrinsics/CoroutineSingletons
Event: 2.368 loading class kotlin/coroutines/intrinsics/CoroutineSingletons done
Event: 2.368 loading class kotlin/ResultKt
Event: 2.368 loading class kotlin/ResultKt done
Event: 2.369 loading class kotlin/Result$Failure
Event: 2.369 loading class kotlin/Result$Failure done


Dynamic libraries:
0x00007ff6211e0000 - 0x00007ff6211ed000 	C:\Program Files\OpenJDK\openjdk-11.0.15_10\bin\java.exe
0x00007ffa002e0000 - 0x00007ffa004e9000 	C:\WINDOWS\SYSTEM32\ntdll.dll
0x00007ff9fed70000 - 0x00007ff9fee2d000 	C:\WINDOWS\System32\KERNEL32.DLL
0x00007ff9fdca0000 - 0x00007ff9fe01d000 	C:\WINDOWS\System32\KERNELBASE.dll
0x00007ff9fdac0000 - 0x00007ff9fdbd1000 	C:\WINDOWS\System32\ucrtbase.dll
0x00007ff9ecee0000 - 0x00007ff9ecef8000 	C:\Program Files\OpenJDK\openjdk-11.0.15_10\bin\jli.dll
0x00007ff9ff070000 - 0x00007ff9ff21d000 	C:\WINDOWS\System32\USER32.dll
0x00007ff9fe020000 - 0x00007ff9fe046000 	C:\WINDOWS\System32\win32u.dll
0x00007ff9fed40000 - 0x00007ff9fed69000 	C:\WINDOWS\System32\GDI32.dll
0x00007ff9fe050000 - 0x00007ff9fe168000 	C:\WINDOWS\System32\gdi32full.dll
0x00007ff9fd840000 - 0x00007ff9fd8dd000 	C:\WINDOWS\System32\msvcp_win.dll
0x00007ff9ecec0000 - 0x00007ff9eced6000 	C:\Program Files\OpenJDK\openjdk-11.0.15_10\bin\VCRUNTIME140.dll
0x00007ff9e9610000 - 0x00007ff9e98b5000 	C:\WINDOWS\WinSxS\amd64_microsoft.windows.common-controls_6595b64144ccf1df_6.0.22000.120_none_9d947278b86cc467\COMCTL32.dll
0x00007ff9ffc70000 - 0x00007ff9ffd13000 	C:\WINDOWS\System32\msvcrt.dll
0x00007ff9ff220000 - 0x00007ff9ff251000 	C:\WINDOWS\System32\IMM32.DLL
0x00007ff9cff80000 - 0x00007ff9d002a000 	C:\Program Files\OpenJDK\openjdk-11.0.15_10\bin\msvcp140.dll
0x00007ff998790000 - 0x00007ff9992e1000 	C:\Program Files\OpenJDK\openjdk-11.0.15_10\bin\server\jvm.dll
0x00007ff9fe230000 - 0x00007ff9fe2de000 	C:\WINDOWS\System32\ADVAPI32.dll
0x00007ff9ff850000 - 0x00007ff9ff8ee000 	C:\WINDOWS\System32\sechost.dll
0x00007ffa00120000 - 0x00007ffa00240000 	C:\WINDOWS\System32\RPCRT4.dll
0x00007ff9ffd20000 - 0x00007ff9ffd28000 	C:\WINDOWS\System32\PSAPI.DLL
0x00007ff9f9aa0000 - 0x00007ff9f9aa9000 	C:\WINDOWS\SYSTEM32\WSOCK32.dll
0x00007ff9ffd30000 - 0x00007ff9ffd9f000 	C:\WINDOWS\System32\WS2_32.dll
0x00007ff9f8500000 - 0x00007ff9f8533000 	C:\WINDOWS\SYSTEM32\WINMM.dll
0x00007ff9efda0000 - 0x00007ff9efdaa000 	C:\WINDOWS\SYSTEM32\VERSION.dll
0x00007ff9fc8c0000 - 0x00007ff9fc8d8000 	C:\WINDOWS\SYSTEM32\kernel.appcore.dll
0x00007ff9ecd40000 - 0x00007ff9ecd51000 	C:\Program Files\OpenJDK\openjdk-11.0.15_10\bin\verify.dll
0x00007ff9fb4a0000 - 0x00007ff9fb6c1000 	C:\WINDOWS\SYSTEM32\DBGHELP.DLL
0x00007ff9e92d0000 - 0x00007ff9e9301000 	C:\WINDOWS\SYSTEM32\dbgcore.DLL
0x00007ff9fd7c0000 - 0x00007ff9fd83f000 	C:\WINDOWS\System32\bcryptPrimitives.dll
0x00007ff9e8680000 - 0x00007ff9e86a9000 	C:\Program Files\OpenJDK\openjdk-11.0.15_10\bin\java.dll
0x00007ff9f9a10000 - 0x00007ff9f9a1a000 	C:\Program Files\OpenJDK\openjdk-11.0.15_10\bin\jimage.dll
0x00007ff9e40a0000 - 0x00007ff9e40b8000 	C:\Program Files\OpenJDK\openjdk-11.0.15_10\bin\zip.dll
0x00007ff9fe2e0000 - 0x00007ff9fea98000 	C:\WINDOWS\System32\SHELL32.dll
0x00007ff9fb930000 - 0x00007ff9fc198000 	C:\WINDOWS\SYSTEM32\windows.storage.dll
0x00007ff9ffda0000 - 0x00007ffa00119000 	C:\WINDOWS\System32\combase.dll
0x00007ff9fb7c0000 - 0x00007ff9fb926000 	C:\WINDOWS\SYSTEM32\wintypes.dll
0x00007ff9fec50000 - 0x00007ff9fed3a000 	C:\WINDOWS\System32\SHCORE.dll
0x00007ff9ffbf0000 - 0x00007ff9ffc4d000 	C:\WINDOWS\System32\shlwapi.dll
0x00007ff9fd6f0000 - 0x00007ff9fd711000 	C:\WINDOWS\SYSTEM32\profapi.dll
0x00007ff9e36e0000 - 0x00007ff9e36f9000 	C:\Program Files\OpenJDK\openjdk-11.0.15_10\bin\net.dll
0x00007ff9f7680000 - 0x00007ff9f778c000 	C:\WINDOWS\SYSTEM32\WINHTTP.dll
0x00007ff9fccf0000 - 0x00007ff9fcd57000 	C:\WINDOWS\system32\mswsock.dll
0x00007ff9e3660000 - 0x00007ff9e3673000 	C:\Program Files\OpenJDK\openjdk-11.0.15_10\bin\nio.dll

dbghelp: loaded successfully - version: 4.0.5 - missing functions: none
symbol engine: initialized successfully - sym options: 0x614 - pdb path: .;C:\Program Files\OpenJDK\openjdk-11.0.15_10\bin;C:\WINDOWS\SYSTEM32;C:\WINDOWS\WinSxS\amd64_microsoft.windows.common-controls_6595b64144ccf1df_6.0.22000.120_none_9d947278b86cc467;C:\Program Files\OpenJDK\openjdk-11.0.15_10\bin\server

VM Arguments:
java_command: org.jetbrains.kotlin.cli.jvm.K2JVMCompiler @D:\ReactNative\ReduxApp\node_modules\react-native-gradle-plugin\build\20220928_15706571348591173034.compiler.options
java_class_path (initial): C:\Users\antino\.gradle\caches\modules-2\files-2.1\org.jetbrains.kotlin\kotlin-compiler-embeddable\1.6.10\88f2073f4020cdb83132cfe940ceb9a60aba54ea\kotlin-compiler-embeddable-1.6.10.jar;C:\Users\antino\.gradle\caches\modules-2\files-2.1\org.jetbrains.kotlin\kotlin-reflect\1.6.10\1cbe9c92c12a94eea200d23c2bbaedaf3daf5132\kotlin-reflect-1.6.10.jar;C:\Users\antino\.gradle\caches\modules-2\files-2.1\org.jetbrains.kotlin\kotlin-stdlib\1.6.10\b8af3fe6f1ca88526914929add63cf5e7c5049af\kotlin-stdlib-1.6.10.jar;C:\Users\antino\.gradle\caches\modules-2\files-2.1\org.jetbrains.kotlin\kotlin-script-runtime\1.6.10\d0a7ff2e2500ef497ed0214ae40ad3c8387a6164\kotlin-script-runtime-1.6.10.jar;C:\Users\antino\.gradle\caches\modules-2\files-2.1\org.jetbrains.kotlin\kotlin-daemon-embeddable\1.6.10\a56d79bcbea411fa6058e4ecffc2de73e742bd2a\kotlin-daemon-embeddable-1.6.10.jar;C:\Users\antino\.gradle\caches\modules-2\files-2.1\org.jetbrains.intellij.deps\trove4j\1.0.20181211\216c2e14b070f334479d800987affe4054cd563f\trove4j-1.0.20181211.jar;C:\Users\antino\.gradle\caches\modules-2\files-2.1\net.java.dev.jna\jna\5.6.0\330f2244e9030119ab3030fc3fededc86713d9cc\jna-5.6.0.jar;C:\Users\antino\.gradle\caches\modules-2\files-2.1\org.jetbrains\annotations\13.0\919f0dfe192fb4e063e7dacadee7f8bb9a2672a9\annotations-13.0.jar;C:\Users\antino\.gradle\caches\modules-2\files-2.1\org.jetbrains.kotlin\kotlin-stdlib-common\1.6.10\c118700e3a33c8a0d9adc920e9dec0831171925\kotlin-stdlib-common-1.6.10.jar
Launcher Type: SUN_STANDARD

[Global flags]
     intx CICompilerCount                          = 3                                         {product} {ergonomic}
     uint ConcGCThreads                            = 1                                         {product} {ergonomic}
     uint G1ConcRefinementThreads                  = 4                                         {product} {ergonomic}
   size_t G1HeapRegionSize                         = 1048576                                   {product} {ergonomic}
    uintx GCDrainStackTargetSize                   = 64                                        {product} {ergonomic}
   size_t InitialHeapSize                          = 197132288                                 {product} {ergonomic}
   size_t MarkStackSize                            = 4194304                                   {product} {ergonomic}
   size_t MaxHeapSize                              = 3154116608                                {product} {ergonomic}
   size_t MaxNewSize                               = 1891631104                                {product} {ergonomic}
   size_t MinHeapDeltaBytes                        = 1048576                                   {product} {ergonomic}
    uintx NonNMethodCodeHeapSize                   = 5830732                                {pd product} {ergonomic}
    uintx NonProfiledCodeHeapSize                  = 122913754                              {pd product} {ergonomic}
    uintx ProfiledCodeHeapSize                     = 122913754                              {pd product} {ergonomic}
    uintx ReservedCodeCacheSize                    = 251658240                              {pd product} {ergonomic}
     bool SegmentedCodeCache                       = true                                      {product} {ergonomic}
     bool UseCompressedClassPointers               = true                                 {lp64_product} {ergonomic}
     bool UseCompressedOops                        = true                                 {lp64_product} {ergonomic}
     bool UseG1GC                                  = true                                      {product} {ergonomic}
     bool UseLargePagesIndividualAllocation        = false                                  {pd product} {ergonomic}

Logging:
Log output configuration:
 #0: stdout all=warning uptime,level,tags
 #1: stderr all=off uptime,level,tags

Environment Variables:
JAVA_HOME=C:\Program Files\OpenJDK\openjdk-11.0.15_10
CLASSPATH=D:\ReactNative\ReduxApp\android\\gradle\wrapper\gradle-wrapper.jar
PATH=D:\ReactNative\reduxApp\android\node_modules\.bin;D:\ReactNative\reduxApp\node_modules\.bin;D:\ReactNative\node_modules\.bin;D:\node_modules\.bin;C:\Program Files\nodejs;C:\WINDOWS\system32;C:\WINDOWS;C:\WINDOWS\System32\Wbem;C:\WINDOWS\System32\WindowsPowerShell\v1.0\;C:\WINDOWS\System32\OpenSSH\;C:\ProgramData\chocolatey\bin;C:\Program Files\OpenJDK\openjdk-8u292-b10\bin;C:\Program Files\Git\cmd;C:\Users\antino\AppData\Roaming\nvm;C:\Program Files\nodejs;C:\Program Files\OpenSSL-Win64\bin;C:\Program Files\nodejs\;C:\Program Files\OpenJDK\openjdk-11.0.15_10\bin;C:\Users\antino\AppData\Local\Microsoft\WindowsApps;C:\Users\antino\AppData\Local\Programs\Microsoft VS Code\bin;C:\Users\antino\AppData\Roaming\nvm;C:\Program Files\nodejs;C:\Users\antino\AppData\Roaming\npm
USERNAME=antino
LANG=en_US.UTF-8
OS=Windows_NT
PROCESSOR_IDENTIFIER=Intel64 Family 6 Model 126 Stepping 5, GenuineIntel



---------------  S Y S T E M  ---------------

OS: Windows 11 , 64 bit Build 22000 (10.0.22000.708)
OS uptime: 8 days 6:02 hours

CPU:total 4 (initial active 4) (2 cores per cpu, 2 threads per core) family 6 model 126 stepping 5 microcode 0xa8, cmov, cx8, fxsr, mmx, sse, sse2, sse3, ssse3, sse4.1, sse4.2, popcnt, avx, avx2, aes, clmul, erms, 3dnowpref, lzcnt, ht, tsc, tscinvbit, bmi1, bmi2, adx, evex, sha, fma

Memory: 4k page, system-wide physical 12030M (307M free)
TotalPageFile size 29595M (AvailPageFile size 6M)
current process WorkingSet (physical memory assigned to process): 163M, peak: 166M
current process commit charge ("private bytes"): 322M, peak: 324M

vm_info: OpenJDK 64-Bit Server VM (11.0.15+10) for windows-amd64 JRE (11.0.15+10), built on Apr 21 2022 21:29:46 by "tester" with MS VC++ 15.5 (VS2017)

END.
